This is pdfTeXk, Version 3.141592-1.40.3 (Web2C 7.5.6) (format=latex 2009.11.1)  1 DEC 2009 00:46
entering extended mode
 %&-line parsing enabled.
**svn-multi.ins
(./svn-multi.ins
LaTeX2e <2005/12/01>
Babel <v3.8h> and hyphenation patterns for english, usenglishmax, dumylang, noh
yphenation, arabic, farsi, croatian, ukrainian, russian, bulgarian, czech, slov
ak, danish, dutch, finnish, basque, french, german, ngerman, ibycus, greek, mon
ogreek, ancientgreek, hungarian, italian, latin, mongolian, norsk, icelandic, i
nterlingua, turkish, coptic, romanian, welsh, serbian, slovenian, estonian, esp
eranto, uppersorbian, indonesian, polish, portuguese, spanish, catalan, galicia
n, swedish, ukenglish, loaded.
(/usr/share/texmf-texlive/tex/latex/base/docstrip.tex
\blockLevel=\count79
\emptyLines=\count80
\processedLines=\count81
\commentsRemoved=\count82
\commentsPassed=\count83
\codeLinesPassed=\count84
\TotalprocessedLines=\count85
\TotalcommentsRemoved=\count86
\TotalcommentsPassed=\count87
\TotalcodeLinesPassed=\count88
\NumberOfFiles=\count89
\inFile=\read1
\inputcheck=\read2
\off@0=\count90
\off@1=\count91
\off@2=\count92
\off@3=\count93
\off@4=\count94
\off@5=\count95
\off@6=\count96
\off@7=\count97
\off@8=\count98
\off@9=\count99
\off@10=\count100
\off@11=\count101
\off@12=\count102
\off@13=\count103
\off@14=\count104
\off@15=\count105
\@maxfiles=\count106
\@maxoutfiles=\count107

Utility: `docstrip' 2.5d <2005/07/29>
English documentation    <1999/03/31>

**********************************************************
* This program converts documented macro-files into fast *
* loadable files by stripping off (nearly) all comments! *
**********************************************************

********************************************************
* No Configuration file found, using default settings. *
********************************************************

)

Generating file(s) ./svn-multi.sty ./svnkw.sty ./svn-multi.pl 
\openout0 = `./svn-multi.sty'.

\openout1 = `./svnkw.sty'.


Processing file svn-multi.dtx (package) -> svn-multi.sty
                              (wrapper) -> svnkw.sty
File svn-multi.dtx ended by \endinput.
Lines  processed: 4363
Comments removed: 2340
Comments  passed: 4
Codelines passed: 2011

\openout0 = `./svn-multi.pl'.


Processing file svn-multi-pl.dtx (script) -> svn-multi.pl
Lines  processed: 572
Comments removed: 149
Comments  passed: 0
Codelines passed: 417

*************************************************************
*                                                           *
* To finish the installation you have to move the following *
* files into a directory searched by TeX:                   *
*                                                           *
*     svn-multi.sty svnkw.sty                               *
*                                                           *
* and copy the script 'svn-multi.pl' into a directory of    *
* your path and (on Unix like operation systems only) make  *
* it executable: chmod +x svn-multi.pl                      *
*                                                           *
* To produce the documentation run the file svn-multi.dtx   *
* through LaTeX.                                            *
*                                                           *
* Happy TeXing!                                             *
*                                                           *
*************************************************************
Overall statistics:
Files  processed: 2
Lines  processed: 4935
Comments removed: 2489
Comments  passed: 4
Codelines passed: 2428
 ) 
Here is how much of TeX's memory you used:
 334 strings out of 94081
 3436 string characters out of 1165334
 53942 words of memory out of 1500000
 3709 multiletter control sequences out of 10000+50000
 3640 words of font info for 14 fonts, out of 1200000 for 2000
 645 hyphenation exceptions out of 8191
 14i,0n,15p,130b,147s stack positions out of 5000i,500n,6000p,200000b,5000s

No pages of output.
